This file contains any messages produced by compilers while
running configure, to aid debugging if configure makes a mistake.

It was created by configure, which was
generated by GNU Autoconf 2.59.  Invocation command line was

  $ ./configure --prefix=/usr --sbindir=/sbin --with-readline --enable-fs --disable-static

## --------- ##
## Platform. ##
## --------- ##

hostname = bendis
uname -m = i686
uname -r = 2.6.12
uname -s = Linux
uname -v = #1 Thu Sep 1 20:49:18 CDT 2005

/usr/bin/uname -p = unknown
/bin/uname -X     = unknown

/bin/arch              = i686
/usr/bin/arch -k       = unknown
/usr/convex/getsysinfo = unknown
hostinfo               = unknown
/bin/machine           = unknown
/usr/bin/oslevel       = unknown
/bin/universe          = unknown

PATH: /bin
PATH: /usr/bin
PATH: /usr/local/bin
PATH: /usr/games/bin
PATH: /sbin
PATH: /usr/sbin
PATH: /usr/local/sbin
PATH: /opt/backbox/bin
PATH: /opt/enlightenment/bin
PATH: /opt/enlightenment/sbin
PATH: /opt/firefox/bin
PATH: /opt/fluxbox/bin
PATH: /opt/fvwm/bin
PATH: /opt/gnome/bin
PATH: /opt/gnome/sbin
PATH: /usr/lib/java/jre/bin
PATH: /opt/kde/bin
PATH: /opt/mono/bin
PATH: /opt/metisse/bin
PATH: /opt/openbox/bin
PATH: /opt/OpenOffice.org1.1.4/program
PATH: /usr/lib/qt/bin
PATH: /opt/xfce/bin
PATH: /usr/X11R6/bin


## ----------- ##
## Core tests. ##
## ----------- ##

configure:1578: checking for a BSD-compatible install
configure:1633: result: /usr/bin/install -c
configure:1644: checking whether build environment is sane
configure:1687: result: yes
configure:1720: checking for gawk
configure:1736: found /usr/bin/gawk
configure:1746: result: gawk
configure:1756: checking whether make sets $(MAKE)
configure:1776: result: yes
configure:1950: checking build system type
configure:1968: result: i686-pc-linux-gnu
configure:1976: checking host system type
configure:1990: result: i686-pc-linux-gnu
configure:2206: checking for style of include used by make
configure:2234: result: GNU
configure:2305: checking for gcc
configure:2331: result: gcc
configure:2575: checking for C compiler version
configure:2578: gcc --version </dev/null >&5
gcc (GCC) 3.4.4 (Smash Stack Protector v3.4.1-1)
Copyright (C) 2004 Free Software Foundation, Inc.
This is free software; see the source for copying conditions.  There is NO
warranty; not even for MERCHANTABILITY or FITNESS FOR A PARTICULAR PURPOSE.

configure:2581: $? = 0
configure:2583: gcc -v </dev/null >&5
Reading specs from /usr/lib/gcc/i686-pc-linux-gnu/3.4.4/specs
Configured with: ../configure --prefix=/usr --libexecdir=/usr/lib --infodir=/usr/share/info --mandir=/usr/share/man --enable-shared --enable-threads=posix --enable-__cxa_atexit --enable-languages=c,c++,objc --enable-nls
Thread model: posix
gcc version 3.4.4 (Smash Stack Protector v3.4.1-1)
configure:2586: $? = 0
configure:2588: gcc -V </dev/null >&5
gcc: `-V' option must have argument
configure:2591: $? = 1
configure:2614: checking for C compiler default output file name
configure:2617: gcc  -march=i686 -mtune=pentium4 -O2 -pipe -fstack-protector -fstack-protector-all -D_REENTRANT   conftest.c  >&5
configure:2620: $? = 0
configure:2666: result: a.out
configure:2671: checking whether the C compiler works
configure:2677: ./a.out
configure:2680: $? = 0
configure:2697: result: yes
configure:2704: checking whether we are cross compiling
configure:2706: result: no
configure:2709: checking for suffix of executables
configure:2711: gcc -o conftest  -march=i686 -mtune=pentium4 -O2 -pipe -fstack-protector -fstack-protector-all -D_REENTRANT   conftest.c  >&5
configure:2714: $? = 0
configure:2739: result: 
configure:2745: checking for suffix of object files
configure:2766: gcc -c  -march=i686 -mtune=pentium4 -O2 -pipe -fstack-protector -fstack-protector-all -D_REENTRANT  conftest.c >&5
configure:2769: $? = 0
configure:2791: result: o
configure:2795: checking whether we are using the GNU C compiler
configure:2819: gcc -c  -march=i686 -mtune=pentium4 -O2 -pipe -fstack-protector -fstack-protector-all -D_REENTRANT  conftest.c >&5
configure:2825: $? = 0
configure:2828: test -z 			 || test ! -s conftest.err
configure:2831: $? = 0
configure:2834: test -s conftest.o
configure:2837: $? = 0
configure:2850: result: yes
configure:2856: checking whether gcc accepts -g
configure:2877: gcc -c -g  conftest.c >&5
configure:2883: $? = 0
configure:2886: test -z 			 || test ! -s conftest.err
configure:2889: $? = 0
configure:2892: test -s conftest.o
configure:2895: $? = 0
configure:2906: result: yes
configure:2923: checking for gcc option to accept ANSI C
configure:2993: gcc  -c  -march=i686 -mtune=pentium4 -O2 -pipe -fstack-protector -fstack-protector-all -D_REENTRANT  conftest.c >&5
configure:2999: $? = 0
configure:3002: test -z 			 || test ! -s conftest.err
configure:3005: $? = 0
configure:3008: test -s conftest.o
configure:3011: $? = 0
configure:3029: result: none needed
configure:3047: gcc -c  -march=i686 -mtune=pentium4 -O2 -pipe -fstack-protector -fstack-protector-all -D_REENTRANT  conftest.c >&5
conftest.c:2: error: parse error before "me"
configure:3053: $? = 1
configure: failed program was:
| #ifndef __cplusplus
|   choke me
| #endif
configure:3185: checking dependency style of gcc
configure:3268: result: gcc3
configure:3287: checking for strerror in -lcposix
configure:3317: gcc -o conftest  -march=i686 -mtune=pentium4 -O2 -pipe -fstack-protector -fstack-protector-all -D_REENTRANT   conftest.c -lcposix   >&5
/usr/bin/ld: cannot find -lcposix
collect2: ld returned 1 exit status
configure:3323: $? = 1
configure: failed program was:
| /* confdefs.h.  */
| 
| #define PACKAGE_NAME ""
| #define PACKAGE_TARNAME ""
| #define PACKAGE_VERSION ""
| #define PACKAGE_STRING ""
| #define PACKAGE_BUGREPORT ""
| #define PACKAGE "parted"
| #define VERSION "1.6.23"
| #define ENABLE_FS 1
| #define DEBUG 1
| #define ENABLE_PC98 1
| /* end confdefs.h.  */
| 
| /* Override any gcc2 internal prototype to avoid an error.  */
| #ifdef __cplusplus
| extern "C"
| #endif
| /* We use char because int might match the return type of a gcc2
|    builtin and then its argument prototype would still apply.  */
| char strerror ();
| int
| main ()
| {
| strerror ();
|   ;
|   return 0;
| }
configure:3348: result: no
configure:3402: checking for gcc
configure:3428: result: gcc
configure:3672: checking for C compiler version
configure:3675: gcc --version </dev/null >&5
gcc (GCC) 3.4.4 (Smash Stack Protector v3.4.1-1)
Copyright (C) 2004 Free Software Foundation, Inc.
This is free software; see the source for copying conditions.  There is NO
warranty; not even for MERCHANTABILITY or FITNESS FOR A PARTICULAR PURPOSE.

configure:3678: $? = 0
configure:3680: gcc -v </dev/null >&5
Reading specs from /usr/lib/gcc/i686-pc-linux-gnu/3.4.4/specs
Configured with: ../configure --prefix=/usr --libexecdir=/usr/lib --infodir=/usr/share/info --mandir=/usr/share/man --enable-shared --enable-threads=posix --enable-__cxa_atexit --enable-languages=c,c++,objc --enable-nls
Thread model: posix
gcc version 3.4.4 (Smash Stack Protector v3.4.1-1)
configure:3683: $? = 0
configure:3685: gcc -V </dev/null >&5
gcc: `-V' option must have argument
configure:3688: $? = 1
configure:3691: checking whether we are using the GNU C compiler
configure:3746: result: yes
configure:3752: checking whether gcc accepts -g
configure:3802: result: yes
configure:3819: checking for gcc option to accept ANSI C
configure:3925: result: none needed
configure:3943: gcc -c  -march=i686 -mtune=pentium4 -O2 -pipe -fstack-protector -fstack-protector-all -D_REENTRANT  conftest.c >&5
conftest.c:2: error: parse error before "me"
configure:3949: $? = 1
configure: failed program was:
| #ifndef __cplusplus
|   choke me
| #endif
configure:4081: checking dependency style of gcc
configure:4164: result: gcc3
configure:4186: checking how to run the C preprocessor
configure:4221: gcc -E  conftest.c
configure:4227: $? = 0
configure:4259: gcc -E  conftest.c
conftest.c:14:28: ac_nonexistent.h: No such file or directory
configure:4265: $? = 1
configure: failed program was:
| /* confdefs.h.  */
| 
| #define PACKAGE_NAME ""
| #define PACKAGE_TARNAME ""
| #define PACKAGE_VERSION ""
| #define PACKAGE_STRING ""
| #define PACKAGE_BUGREPORT ""
| #define PACKAGE "parted"
| #define VERSION "1.6.23"
| #define ENABLE_FS 1
| #define DEBUG 1
| #define ENABLE_PC98 1
| /* end confdefs.h.  */
| #include <ac_nonexistent.h>
configure:4304: result: gcc -E
configure:4328: gcc -E  conftest.c
configure:4334: $? = 0
configure:4366: gcc -E  conftest.c
conftest.c:14:28: ac_nonexistent.h: No such file or directory
configure:4372: $? = 1
configure: failed program was:
| /* confdefs.h.  */
| 
| #define PACKAGE_NAME ""
| #define PACKAGE_TARNAME ""
| #define PACKAGE_VERSION ""
| #define PACKAGE_STRING ""
| #define PACKAGE_BUGREPORT ""
| #define PACKAGE "parted"
| #define VERSION "1.6.23"
| #define ENABLE_FS 1
| #define DEBUG 1
| #define ENABLE_PC98 1
| /* end confdefs.h.  */
| #include <ac_nonexistent.h>
configure:4416: checking for egrep
configure:4426: result: grep -E
configure:4432: checking whether gcc needs -traditional
configure:4474: result: no
configure:4489: checking for special C compiler options needed for large files
configure:4586: result: no
configure:4592: checking for _FILE_OFFSET_BITS value needed for large files
configure:4623: gcc -c  -march=i686 -mtune=pentium4 -O2 -pipe -fstack-protector -fstack-protector-all -D_REENTRANT  conftest.c >&5
conftest.c:20: warning: left shift count >= width of type
conftest.c:20: warning: left shift count >= width of type
conftest.c:22: error: size of array `off_t_is_large' is negative
configure:4629: $? = 1
configure: failed program was:
| /* confdefs.h.  */
| 
| #define PACKAGE_NAME ""
| #define PACKAGE_TARNAME ""
| #define PACKAGE_VERSION ""
| #define PACKAGE_STRING ""
| #define PACKAGE_BUGREPORT ""
| #define PACKAGE "parted"
| #define VERSION "1.6.23"
| #define ENABLE_FS 1
| #define DEBUG 1
| #define ENABLE_PC98 1
| /* end confdefs.h.  */
| #include <sys/types.h>
|  /* Check that off_t can represent 2**63 - 1 correctly.
|     We can't simply define LARGE_OFF_T to be 9223372036854775807,
|     since some C++ compilers masquerading as C compilers
|     incorrectly reject 9223372036854775807.  */
| #define LARGE_OFF_T (((off_t) 1 << 62) - 1 + ((off_t) 1 << 62))
|   int off_t_is_large[(LARGE_OFF_T % 2147483629 == 721
| 		       && LARGE_OFF_T % 2147483647 == 1)
| 		      ? 1 : -1];
| int
| main ()
| {
| 
|   ;
|   return 0;
| }
configure:4675: gcc -c  -march=i686 -mtune=pentium4 -O2 -pipe -fstack-protector -fstack-protector-all -D_REENTRANT  conftest.c >&5
configure:4681: $? = 0
configure:4684: test -z 			 || test ! -s conftest.err
configure:4687: $? = 0
configure:4690: test -s conftest.o
configure:4693: $? = 0
configure:4705: result: 64
configure:4715: checking for _LARGE_FILES value needed for large files
configure:4746: gcc -c  -march=i686 -mtune=pentium4 -O2 -pipe -fstack-protector -fstack-protector-all -D_REENTRANT  conftest.c >&5
configure:4752: $? = 0
configure:4755: test -z 			 || test ! -s conftest.err
configure:4758: $? = 0
configure:4761: test -s conftest.o
configure:4764: $? = 0
configure:4828: result: no
configure:4842: checking for off_t
configure:4871: gcc -c  -march=i686 -mtune=pentium4 -O2 -pipe -fstack-protector -fstack-protector-all -D_REENTRANT -D_FILE_OFFSET_BITS=64  conftest.c >&5
configure:4877: $? = 0
configure:4880: test -z 			 || test ! -s conftest.err
configure:4883: $? = 0
configure:4886: test -s conftest.o
configure:4889: $? = 0
configure:4900: result: yes
configure:4903: checking size of off_t
configure:5245: gcc -o conftest  -march=i686 -mtune=pentium4 -O2 -pipe -fstack-protector -fstack-protector-all -D_REENTRANT -D_FILE_OFFSET_BITS=64   conftest.c  >&5
configure:5248: $? = 0
configure:5250: ./conftest
configure:5253: $? = 0
configure:5276: result: 8
configure:5385: checking for a sed that does not truncate output
configure:5439: result: /bin/sed
configure:5453: checking for ld used by gcc
configure:5520: result: /usr/bin/ld
configure:5529: checking if the linker (/usr/bin/ld) is GNU ld
configure:5544: result: yes
configure:5549: checking for /usr/bin/ld option to reload object files
configure:5556: result: -r
configure:5565: checking for BSD-compatible nm
configure:5607: result: /usr/bin/nm -B
configure:5611: checking whether ln -s works
configure:5615: result: yes
configure:5622: checking how to recognise dependent libraries
configure:5796: result: pass_all
configure:6003: checking for ANSI C header files
configure:6028: gcc -c  -march=i686 -mtune=pentium4 -O2 -pipe -fstack-protector -fstack-protector-all -D_REENTRANT -D_FILE_OFFSET_BITS=64  conftest.c >&5
configure:6034: $? = 0
configure:6037: test -z 			 || test ! -s conftest.err
configure:6040: $? = 0
configure:6043: test -s conftest.o
configure:6046: $? = 0
configure:6135: gcc -o conftest  -march=i686 -mtune=pentium4 -O2 -pipe -fstack-protector -fstack-protector-all -D_REENTRANT -D_FILE_OFFSET_BITS=64   conftest.c  >&5
configure:6138: $? = 0
configure:6140: ./conftest
configure:6143: $? = 0
configure:6158: result: yes
configure:6182: checking for sys/types.h
configure:6198: gcc -c  -march=i686 -mtune=pentium4 -O2 -pipe -fstack-protector -fstack-protector-all -D_REENTRANT -D_FILE_OFFSET_BITS=64  conftest.c >&5
configure:6204: $? = 0
configure:6207: test -z 			 || test ! -s conftest.err
configure:6210: $? = 0
configure:6213: test -s conftest.o
configure:6216: $? = 0
configure:6227: result: yes
configure:6182: checking for sys/stat.h
configure:6198: gcc -c  -march=i686 -mtune=pentium4 -O2 -pipe -fstack-protector -fstack-protector-all -D_REENTRANT -D_FILE_OFFSET_BITS=64  conftest.c >&5
configure:6204: $? = 0
configure:6207: test -z 			 || test ! -s conftest.err
configure:6210: $? = 0
configure:6213: test -s conftest.o
configure:6216: $? = 0
configure:6227: result: yes
configure:6182: checking for stdlib.h
configure:6198: gcc -c  -march=i686 -mtune=pentium4 -O2 -pipe -fstack-protector -fstack-protector-all -D_REENTRANT -D_FILE_OFFSET_BITS=64  conftest.c >&5
configure:6204: $? = 0
configure:6207: test -z 			 || test ! -s conftest.err
configure:6210: $? = 0
configure:6213: test -s conftest.o
configure:6216: $? = 0
configure:6227: result: yes
configure:6182: checking for string.h
configure:6198: gcc -c  -march=i686 -mtune=pentium4 -O2 -pipe -fstack-protector -fstack-protector-all -D_REENTRANT -D_FILE_OFFSET_BITS=64  conftest.c >&5
configure:6204: $? = 0
configure:6207: test -z 			 || test ! -s conftest.err
configure:6210: $? = 0
configure:6213: test -s conftest.o
configure:6216: $? = 0
configure:6227: result: yes
configure:6182: checking for memory.h
configure:6198: gcc -c  -march=i686 -mtune=pentium4 -O2 -pipe -fstack-protector -fstack-protector-all -D_REENTRANT -D_FILE_OFFSET_BITS=64  conftest.c >&5
configure:6204: $? = 0
configure:6207: test -z 			 || test ! -s conftest.err
configure:6210: $? = 0
configure:6213: test -s conftest.o
configure:6216: $? = 0
configure:6227: result: yes
configure:6182: checking for strings.h
configure:6198: gcc -c  -march=i686 -mtune=pentium4 -O2 -pipe -fstack-protector -fstack-protector-all -D_REENTRANT -D_FILE_OFFSET_BITS=64  conftest.c >&5
configure:6204: $? = 0
configure:6207: test -z 			 || test ! -s conftest.err
configure:6210: $? = 0
configure:6213: test -s conftest.o
configure:6216: $? = 0
configure:6227: result: yes
configure:6182: checking for inttypes.h
configure:6198: gcc -c  -march=i686 -mtune=pentium4 -O2 -pipe -fstack-protector -fstack-protector-all -D_REENTRANT -D_FILE_OFFSET_BITS=64  conftest.c >&5
configure:6204: $? = 0
configure:6207: test -z 			 || test ! -s conftest.err
configure:6210: $? = 0
configure:6213: test -s conftest.o
configure:6216: $? = 0
configure:6227: result: yes
configure:6182: checking for stdint.h
configure:6198: gcc -c  -march=i686 -mtune=pentium4 -O2 -pipe -fstack-protector -fstack-protector-all -D_REENTRANT -D_FILE_OFFSET_BITS=64  conftest.c >&5
configure:6204: $? = 0
configure:6207: test -z 			 || test ! -s conftest.err
configure:6210: $? = 0
configure:6213: test -s conftest.o
configure:6216: $? = 0
configure:6227: result: yes
configure:6182: checking for unistd.h
configure:6198: gcc -c  -march=i686 -mtune=pentium4 -O2 -pipe -fstack-protector -fstack-protector-all -D_REENTRANT -D_FILE_OFFSET_BITS=64  conftest.c >&5
configure:6204: $? = 0
configure:6207: test -z 			 || test ! -s conftest.err
configure:6210: $? = 0
configure:6213: test -s conftest.o
configure:6216: $? = 0
configure:6227: result: yes
configure:6253: checking dlfcn.h usability
configure:6265: gcc -c  -march=i686 -mtune=pentium4 -O2 -pipe -fstack-protector -fstack-protector-all -D_REENTRANT -D_FILE_OFFSET_BITS=64  conftest.c >&5
configure:6271: $? = 0
configure:6274: test -z 			 || test ! -s conftest.err
configure:6277: $? = 0
configure:6280: test -s conftest.o
configure:6283: $? = 0
configure:6293: result: yes
configure:6297: checking dlfcn.h presence
configure:6307: gcc -E  conftest.c
configure:6313: $? = 0
configure:6333: result: yes
configure:6368: checking for dlfcn.h
configure:6375: result: yes
configure:6482: checking for C++ compiler version
configure:6485: g++ --version </dev/null >&5
g++ (GCC) 3.4.4 (Smash Stack Protector v3.4.1-1)
Copyright (C) 2004 Free Software Foundation, Inc.
This is free software; see the source for copying conditions.  There is NO
warranty; not even for MERCHANTABILITY or FITNESS FOR A PARTICULAR PURPOSE.

configure:6488: $? = 0
configure:6490: g++ -v </dev/null >&5
Reading specs from /usr/lib/gcc/i686-pc-linux-gnu/3.4.4/specs
Configured with: ../configure --prefix=/usr --libexecdir=/usr/lib --infodir=/usr/share/info --mandir=/usr/share/man --enable-shared --enable-threads=posix --enable-__cxa_atexit --enable-languages=c,c++,objc --enable-nls
Thread model: posix
gcc version 3.4.4 (Smash Stack Protector v3.4.1-1)
configure:6493: $? = 0
configure:6495: g++ -V </dev/null >&5
g++: `-V' option must have argument
configure:6498: $? = 1
configure:6501: checking whether we are using the GNU C++ compiler
configure:6525: g++ -c  -march=i686 -mtune=pentium4 -O2 -pipe -fstack-protector -fstack-protector-all  conftest.cc >&5
configure:6531: $? = 0
configure:6534: test -z 			 || test ! -s conftest.err
configure:6537: $? = 0
configure:6540: test -s conftest.o
configure:6543: $? = 0
configure:6556: result: yes
configure:6562: checking whether g++ accepts -g
configure:6583: g++ -c -g  conftest.cc >&5
configure:6589: $? = 0
configure:6592: test -z 			 || test ! -s conftest.err
configure:6595: $? = 0
configure:6598: test -s conftest.o
configure:6601: $? = 0
configure:6612: result: yes
configure:6654: g++ -c  -march=i686 -mtune=pentium4 -O2 -pipe -fstack-protector -fstack-protector-all  conftest.cc >&5
configure:6660: $? = 0
configure:6663: test -z 			 || test ! -s conftest.err
configure:6666: $? = 0
configure:6669: test -s conftest.o
configure:6672: $? = 0
configure:6698: g++ -c  -march=i686 -mtune=pentium4 -O2 -pipe -fstack-protector -fstack-protector-all  conftest.cc >&5
conftest.cc: In function `int main()':
conftest.cc:31: error: `exit' undeclared (first use this function)
conftest.cc:31: error: (Each undeclared identifier is reported only once for each function it appears in.)
configure:6704: $? = 1
configure: failed program was:
| /* confdefs.h.  */
| 
| #define PACKAGE_NAME ""
| #define PACKAGE_TARNAME ""
| #define PACKAGE_VERSION ""
| #define PACKAGE_STRING ""
| #define PACKAGE_BUGREPORT ""
| #define PACKAGE "parted"
| #define VERSION "1.6.23"
| #define ENABLE_FS 1
| #define DEBUG 1
| #define ENABLE_PC98 1
| #define _FILE_OFFSET_BITS 64
| #define SIZEOF_OFF_T 8
| #define STDC_HEADERS 1
| #define HAVE_SYS_TYPES_H 1
| #define HAVE_SYS_STAT_H 1
| #define HAVE_STDLIB_H 1
| #define HAVE_STRING_H 1
| #define HAVE_MEMORY_H 1
| #define HAVE_STRINGS_H 1
| #define HAVE_INTTYPES_H 1
| #define HAVE_STDINT_H 1
| #define HAVE_UNISTD_H 1
| #define HAVE_DLFCN_H 1
| /* end confdefs.h.  */
| 
| int
| main ()
| {
| exit (42);
|   ;
|   return 0;
| }
configure:6654: g++ -c  -march=i686 -mtune=pentium4 -O2 -pipe -fstack-protector -fstack-protector-all  conftest.cc >&5
configure:6660: $? = 0
configure:6663: test -z 			 || test ! -s conftest.err
configure:6666: $? = 0
configure:6669: test -s conftest.o
configure:6672: $? = 0
configure:6698: g++ -c  -march=i686 -mtune=pentium4 -O2 -pipe -fstack-protector -fstack-protector-all  conftest.cc >&5
configure:6704: $? = 0
configure:6707: test -z 			 || test ! -s conftest.err
configure:6710: $? = 0
configure:6713: test -s conftest.o
configure:6716: $? = 0
configure:6741: checking dependency style of g++
configure:6824: result: gcc3
configure:6846: checking how to run the C++ preprocessor
configure:6877: g++ -E  conftest.cc
configure:6883: $? = 0
configure:6915: g++ -E  conftest.cc
conftest.cc:30:28: ac_nonexistent.h: No such file or directory
configure:6921: $? = 1
configure: failed program was:
| /* confdefs.h.  */
| 
| #define PACKAGE_NAME ""
| #define PACKAGE_TARNAME ""
| #define PACKAGE_VERSION ""
| #define PACKAGE_STRING ""
| #define PACKAGE_BUGREPORT ""
| #define PACKAGE "parted"
| #define VERSION "1.6.23"
| #define ENABLE_FS 1
| #define DEBUG 1
| #define ENABLE_PC98 1
| #define _FILE_OFFSET_BITS 64
| #define SIZEOF_OFF_T 8
| #define STDC_HEADERS 1
| #define HAVE_SYS_TYPES_H 1
| #define HAVE_SYS_STAT_H 1
| #define HAVE_STDLIB_H 1
| #define HAVE_STRING_H 1
| #define HAVE_MEMORY_H 1
| #define HAVE_STRINGS_H 1
| #define HAVE_INTTYPES_H 1
| #define HAVE_STDINT_H 1
| #define HAVE_UNISTD_H 1
| #define HAVE_DLFCN_H 1
| #ifdef __cplusplus
| extern "C" void std::exit (int) throw (); using std::exit;
| #endif
| /* end confdefs.h.  */
| #include <ac_nonexistent.h>
configure:6960: result: g++ -E
configure:6984: g++ -E  conftest.cc
configure:6990: $? = 0
configure:7022: g++ -E  conftest.cc
conftest.cc:30:28: ac_nonexistent.h: No such file or directory
configure:7028: $? = 1
configure: failed program was:
| /* confdefs.h.  */
| 
| #define PACKAGE_NAME ""
| #define PACKAGE_TARNAME ""
| #define PACKAGE_VERSION ""
| #define PACKAGE_STRING ""
| #define PACKAGE_BUGREPORT ""
| #define PACKAGE "parted"
| #define VERSION "1.6.23"
| #define ENABLE_FS 1
| #define DEBUG 1
| #define ENABLE_PC98 1
| #define _FILE_OFFSET_BITS 64
| #define SIZEOF_OFF_T 8
| #define STDC_HEADERS 1
| #define HAVE_SYS_TYPES_H 1
| #define HAVE_SYS_STAT_H 1
| #define HAVE_STDLIB_H 1
| #define HAVE_STRING_H 1
| #define HAVE_MEMORY_H 1
| #define HAVE_STRINGS_H 1
| #define HAVE_INTTYPES_H 1
| #define HAVE_STDINT_H 1
| #define HAVE_UNISTD_H 1
| #define HAVE_DLFCN_H 1
| #ifdef __cplusplus
| extern "C" void std::exit (int) throw (); using std::exit;
| #endif
| /* end confdefs.h.  */
| #include <ac_nonexistent.h>
configure:7123: checking for g77
configure:7152: result: no
configure:7123: checking for f77
configure:7152: result: no
configure:7123: checking for xlf
configure:7152: result: no
configure:7123: checking for frt
configure:7152: result: no
configure:7123: checking for pgf77
configure:7152: result: no
configure:7123: checking for fort77
configure:7152: result: no
configure:7123: checking for fl32
configure:7152: result: no
configure:7123: checking for af77
configure:7152: result: no
configure:7123: checking for f90
configure:7152: result: no
configure:7123: checking for xlf90
configure:7152: result: no
configure:7123: checking for pgf90
configure:7152: result: no
configure:7123: checking for epcf90
configure:7152: result: no
configure:7123: checking for f95
configure:7152: result: no
configure:7123: checking for fort
configure:7152: result: no
configure:7123: checking for xlf95
configure:7152: result: no
configure:7123: checking for ifc
configure:7152: result: no
configure:7123: checking for efc
configure:7152: result: no
configure:7123: checking for pgf95
configure:7152: result: no
configure:7123: checking for lf95
configure:7152: result: no
configure:7123: checking for gfortran
configure:7152: result: no
configure:7164: checking for Fortran 77 compiler version
configure:7167:  --version </dev/null >&5
./configure: line 7168: --version: command not found
configure:7170: $? = 127
configure:7172:  -v </dev/null >&5
./configure: line 7173: -v: command not found
configure:7175: $? = 127
configure:7177:  -V </dev/null >&5
./configure: line 7178: -V: command not found
configure:7180: $? = 127
configure:7188: checking whether we are using the GNU Fortran 77 compiler
configure:7202:  -c  conftest.F >&5
./configure: line 7203: -c: command not found
configure:7208: $? = 127
configure: failed program was:
|       program main
| #ifndef __GNUC__
|        choke me
| #endif
| 
|       end
configure:7233: result: no
configure:7239: checking whether  accepts -g
configure:7251:  -c -g conftest.f >&5
./configure: line 7252: -c: command not found
configure:7257: $? = 127
configure: failed program was:
|       program main
| 
|       end
configure:7281: result: no
configure:7311: checking the maximum length of command line arguments
configure:7376: result: 32768
configure:7387: checking command to parse /usr/bin/nm -B output from gcc object
configure:7476: gcc -c  -march=i686 -mtune=pentium4 -O2 -pipe -fstack-protector -fstack-protector-all -D_REENTRANT -D_FILE_OFFSET_BITS=64  conftest.c >&5
configure:7479: $? = 0
configure:7483: /usr/bin/nm -B conftest.o \| sed -n -e 's/^.*[ 	]\([ABCDGIRSTW][ABCDGIRSTW]*\)[ 	][ 	]*\(\)\([_A-Za-z][_A-Za-z0-9]*\)$/\1 \2\3 \3/p' \> conftest.nm
configure:7486: $? = 0
configure:7538: gcc -o conftest  -march=i686 -mtune=pentium4 -O2 -pipe -fstack-protector -fstack-protector-all -D_REENTRANT -D_FILE_OFFSET_BITS=64   conftest.c conftstm.o >&5
configure:7541: $? = 0
configure:7579: result: ok
configure:7583: checking for objdir
configure:7598: result: .libs
configure:7688: checking for ar
configure:7704: found /usr/bin/ar
configure:7715: result: ar
configure:7768: checking for ranlib
configure:7784: found /usr/bin/ranlib
configure:7795: result: ranlib
configure:7848: checking for strip
configure:7864: found /usr/bin/strip
configure:7875: result: strip
configure:8137: checking if gcc static flag  works
configure:8160: result: yes
configure:8178: checking if gcc supports -fno-rtti -fno-exceptions
configure:8196: gcc -c  -march=i686 -mtune=pentium4 -O2 -pipe -fstack-protector -fstack-protector-all -D_REENTRANT -D_FILE_OFFSET_BITS=64  -fno-rtti -fno-exceptions conftest.c >&5
cc1: warning: command line option "-fno-rtti" is valid for C++/ObjC++ but not for C
configure:8200: $? = 0
configure:8211: result: no
configure:8226: checking for gcc option to produce PIC
configure:8403: result: -fPIC
configure:8411: checking if gcc PIC flag -fPIC works
configure:8429: gcc -c  -march=i686 -mtune=pentium4 -O2 -pipe -fstack-protector -fstack-protector-all -D_REENTRANT -D_FILE_OFFSET_BITS=64  -fPIC -DPIC conftest.c >&5
configure:8433: $? = 0
configure:8444: result: yes
configure:8468: checking if gcc supports -c -o file.o
configure:8489: gcc -c  -march=i686 -mtune=pentium4 -O2 -pipe -fstack-protector -fstack-protector-all -D_REENTRANT -D_FILE_OFFSET_BITS=64  -o out/conftest2.o conftest.c >&5
configure:8493: $? = 0
configure:8513: result: yes
configure:8539: checking whether the gcc linker (/usr/bin/ld) supports shared libraries
configure:9386: result: yes
configure:9412: checking whether -lc should be explicitly linked in
configure:9417: gcc -c  -march=i686 -mtune=pentium4 -O2 -pipe -fstack-protector -fstack-protector-all -D_REENTRANT -D_FILE_OFFSET_BITS=64  conftest.c >&5
configure:9420: $? = 0
configure:9434: gcc -shared conftest.o  -v -Wl,-soname -Wl,conftest -o conftest 2\>\&1 \| grep  -lc  \>/dev/null 2\>\&1
configure:9437: $? = 0
configure:9449: result: no
configure:9457: checking dynamic linker characteristics
configure:10009: result: GNU/Linux ld.so
configure:10013: checking how to hardcode library paths into programs
configure:10038: result: immediate
configure:10052: checking whether stripping libraries is possible
configure:10057: result: yes
configure:10880: checking if libtool supports shared libraries
configure:10882: result: yes
configure:10885: checking whether to build shared libraries
configure:10943: result: yes
configure:10946: checking whether to build static libraries
configure:10950: result: no
configure:11042: creating libtool
configure:11589: checking for ld used by g++
configure:11656: result: /usr/bin/ld
configure:11665: checking if the linker (/usr/bin/ld) is GNU ld
configure:11680: result: yes
configure:11731: checking whether the g++ linker (/usr/bin/ld) supports shared libraries
configure:12557: result: yes
configure:12575: g++ -c  -march=i686 -mtune=pentium4 -O2 -pipe -fstack-protector -fstack-protector-all  conftest.cc >&5
configure:12578: $? = 0
configure:12674: checking for g++ option to produce PIC
configure:12926: result: -fPIC
configure:12934: checking if g++ PIC flag -fPIC works
configure:12952: g++ -c  -march=i686 -mtune=pentium4 -O2 -pipe -fstack-protector -fstack-protector-all  -fPIC -DPIC conftest.cc >&5
configure:12956: $? = 0
configure:12967: result: yes
configure:12991: checking if g++ supports -c -o file.o
configure:13012: g++ -c  -march=i686 -mtune=pentium4 -O2 -pipe -fstack-protector -fstack-protector-all  -o out/conftest2.o conftest.cc >&5
configure:13016: $? = 0
configure:13036: result: yes
configure:13062: checking whether the g++ linker (/usr/bin/ld) supports shared libraries
configure:13090: result: yes
configure:13161: checking dynamic linker characteristics
configure:13713: result: GNU/Linux ld.so
configure:13717: checking how to hardcode library paths into programs
configure:13742: result: immediate
configure:13756: checking whether stripping libraries is possible
configure:13761: result: yes
configure:21020: checking whether NLS is requested
configure:21029: result: yes
configure:21067: checking for msgfmt
configure:21098: result: /usr/bin/msgfmt
configure:21107: checking for gmsgfmt
configure:21138: result: /usr/bin/msgfmt
configure:21177: checking for xgettext
configure:21208: result: /usr/bin/xgettext
configure:21248: checking for msgmerge
configure:21278: result: /usr/bin/msgmerge
configure:21353: checking for ld used by GCC
configure:21417: result: /usr/bin/ld
configure:21426: checking if the linker (/usr/bin/ld) is GNU ld
configure:21439: result: yes
configure:21445: checking for shared library run path origin
configure:21458: result: done
configure:21874: checking whether NLS is requested
configure:21883: result: yes
configure:21901: checking for GNU gettext in libc
configure:21925: gcc -o conftest  -march=i686 -mtune=pentium4 -O2 -pipe -fstack-protector -fstack-protector-all -D_REENTRANT -D_FILE_OFFSET_BITS=64   conftest.c  >&5
configure:21931: $? = 0
configure:21934: test -z 			 || test ! -s conftest.err
configure:21937: $? = 0
configure:21940: test -s conftest
configure:21943: $? = 0
configure:21955: result: yes
configure:22650: checking whether to use NLS
configure:22652: result: yes
configure:22655: checking where the gettext function comes from
configure:22666: result: libc
configure:22749: checking for dlopen in -ldl
configure:22779: gcc -o conftest  -march=i686 -mtune=pentium4 -O2 -pipe -fstack-protector -fstack-protector-all -D_REENTRANT -D_FILE_OFFSET_BITS=64 -DLOCALEDIR="\"${prefix}/share/locale\"" -DLOCALEDIR="\"${prefix}/share/locale\""   conftest.c -ldl   >&5
configure:22785: $? = 0
configure:22788: test -z 			 || test ! -s conftest.err
configure:22791: $? = 0
configure:22794: test -s conftest
configure:22797: $? = 0
configure:22810: result: yes
configure:22832: checking for uuid_generate in -luuid
configure:22862: gcc -o conftest  -march=i686 -mtune=pentium4 -O2 -pipe -fstack-protector -fstack-protector-all -D_REENTRANT -D_FILE_OFFSET_BITS=64 -DLOCALEDIR="\"${prefix}/share/locale\"" -DLOCALEDIR="\"${prefix}/share/locale\""   conftest.c -luuid   >&5
configure:22868: $? = 0
configure:22871: test -z 			 || test ! -s conftest.err
configure:22874: $? = 0
configure:22877: test -s conftest
configure:22880: $? = 0
configure:22893: result: yes
configure:23146: checking for library containing tgetent
configure:23176: gcc -o conftest  -march=i686 -mtune=pentium4 -O2 -pipe -fstack-protector -fstack-protector-all -D_REENTRANT -D_FILE_OFFSET_BITS=64 -DLOCALEDIR="\"${prefix}/share/locale\"" -DLOCALEDIR="\"${prefix}/share/locale\""   conftest.c  >&5
/tmp/ccpkMtgt.o: In function `main':
conftest.c:(.text+0x15): undefined reference to `tgetent'
collect2: ld returned 1 exit status
configure:23182: $? = 1
configure: failed program was:
| /* confdefs.h.  */
| 
| #define PACKAGE_NAME ""
| #define PACKAGE_TARNAME ""
| #define PACKAGE_VERSION ""
| #define PACKAGE_STRING ""
| #define PACKAGE_BUGREPORT ""
| #define PACKAGE "parted"
| #define VERSION "1.6.23"
| #define ENABLE_FS 1
| #define DEBUG 1
| #define ENABLE_PC98 1
| #define _FILE_OFFSET_BITS 64
| #define SIZEOF_OFF_T 8
| #define STDC_HEADERS 1
| #define HAVE_SYS_TYPES_H 1
| #define HAVE_SYS_STAT_H 1
| #define HAVE_STDLIB_H 1
| #define HAVE_STRING_H 1
| #define HAVE_MEMORY_H 1
| #define HAVE_STRINGS_H 1
| #define HAVE_INTTYPES_H 1
| #define HAVE_STDINT_H 1
| #define HAVE_UNISTD_H 1
| #define HAVE_DLFCN_H 1
| #ifdef __cplusplus
| extern "C" void std::exit (int) throw (); using std::exit;
| #endif
| #define ENABLE_NLS 1
| #define HAVE_GETTEXT 1
| #define HAVE_DCGETTEXT 1
| #define DYNAMIC_LOADING 1
| /* end confdefs.h.  */
| 
| /* Override any gcc2 internal prototype to avoid an error.  */
| #ifdef __cplusplus
| extern "C"
| #endif
| /* We use char because int might match the return type of a gcc2
|    builtin and then its argument prototype would still apply.  */
| char tgetent ();
| int
| main ()
| {
| tgetent ();
|   ;
|   return 0;
| }
configure:23230: gcc -o conftest  -march=i686 -mtune=pentium4 -O2 -pipe -fstack-protector -fstack-protector-all -D_REENTRANT -D_FILE_OFFSET_BITS=64 -DLOCALEDIR="\"${prefix}/share/locale\"" -DLOCALEDIR="\"${prefix}/share/locale\""   conftest.c -lncurses   >&5
configure:23236: $? = 0
configure:23239: test -z 			 || test ! -s conftest.err
configure:23242: $? = 0
configure:23245: test -s conftest
configure:23248: $? = 0
configure:23263: result: -lncurses
configure:23298: checking for readline in -lreadline
configure:23329: gcc -o conftest  -march=i686 -mtune=pentium4 -O2 -pipe -fstack-protector -fstack-protector-all -D_REENTRANT -D_FILE_OFFSET_BITS=64 -DLOCALEDIR="\"${prefix}/share/locale\"" -DLOCALEDIR="\"${prefix}/share/locale\""   conftest.c -lreadline  -ldl -lncurses 
	   -ldl -lncurses  >&5
configure:23335: $? = 0
configure:23338: test -z 			 || test ! -s conftest.err
configure:23341: $? = 0
configure:23344: test -s conftest
configure:23347: $? = 0
configure:23360: result: yes
configure:23647: checking uuid/uuid.h usability
configure:23659: gcc -c  -march=i686 -mtune=pentium4 -O2 -pipe -fstack-protector -fstack-protector-all -D_REENTRANT -D_FILE_OFFSET_BITS=64 -DLOCALEDIR="\"${prefix}/share/locale\"" -DLOCALEDIR="\"${prefix}/share/locale\""  conftest.c >&5
configure:23665: $? = 0
configure:23668: test -z 			 || test ! -s conftest.err
configure:23671: $? = 0
configure:23674: test -s conftest.o
configure:23677: $? = 0
configure:23687: result: yes
configure:23691: checking uuid/uuid.h presence
configure:23701: gcc -E  conftest.c
configure:23707: $? = 0
configure:23727: result: yes
configure:23762: checking for uuid/uuid.h
configure:23769: result: yes
configure:23809: checking getopt.h usability
configure:23821: gcc -c  -march=i686 -mtune=pentium4 -O2 -pipe -fstack-protector -fstack-protector-all -D_REENTRANT -D_FILE_OFFSET_BITS=64 -DLOCALEDIR="\"${prefix}/share/locale\"" -DLOCALEDIR="\"${prefix}/share/locale\""  conftest.c >&5
configure:23827: $? = 0
configure:23830: test -z 			 || test ! -s conftest.err
configure:23833: $? = 0
configure:23836: test -s conftest.o
configure:23839: $? = 0
configure:23849: result: yes
configure:23853: checking getopt.h presence
configure:23863: gcc -E  conftest.c
configure:23869: $? = 0
configure:23889: result: yes
configure:23924: checking for getopt.h
configure:23931: result: yes
configure:23956: checking linux/unistd.h usability
configure:23968: gcc -c  -march=i686 -mtune=pentium4 -O2 -pipe -fstack-protector -fstack-protector-all -D_REENTRANT -D_FILE_OFFSET_BITS=64 -DLOCALEDIR="\"${prefix}/share/locale\"" -DLOCALEDIR="\"${prefix}/share/locale\""  conftest.c >&5
configure:23974: $? = 0
configure:23977: test -z 			 || test ! -s conftest.err
configure:23980: $? = 0
configure:23983: test -s conftest.o
configure:23986: $? = 0
configure:23996: result: yes
configure:24000: checking linux/unistd.h presence
configure:24010: gcc -E  conftest.c
configure:24016: $? = 0
configure:24036: result: yes
configure:24071: checking for linux/unistd.h
configure:24078: result: yes
configure:24102: checking readline/readline.h usability
configure:24114: gcc -c  -march=i686 -mtune=pentium4 -O2 -pipe -fstack-protector -fstack-protector-all -D_REENTRANT -D_FILE_OFFSET_BITS=64 -DLOCALEDIR="\"${prefix}/share/locale\"" -DLOCALEDIR="\"${prefix}/share/locale\""  conftest.c >&5
configure:24120: $? = 0
configure:24123: test -z 			 || test ! -s conftest.err
configure:24126: $? = 0
configure:24129: test -s conftest.o
configure:24132: $? = 0
configure:24142: result: yes
configure:24146: checking readline/readline.h presence
configure:24156: gcc -E  conftest.c
configure:24162: $? = 0
configure:24182: result: yes
configure:24217: checking for readline/readline.h
configure:24224: result: yes
configure:24102: checking readline/history.h usability
configure:24114: gcc -c  -march=i686 -mtune=pentium4 -O2 -pipe -fstack-protector -fstack-protector-all -D_REENTRANT -D_FILE_OFFSET_BITS=64 -DLOCALEDIR="\"${prefix}/share/locale\"" -DLOCALEDIR="\"${prefix}/share/locale\""  conftest.c >&5
configure:24120: $? = 0
configure:24123: test -z 			 || test ! -s conftest.err
configure:24126: $? = 0
configure:24129: test -s conftest.o
configure:24132: $? = 0
configure:24142: result: yes
configure:24146: checking readline/history.h presence
configure:24156: gcc -E  conftest.c
configure:24162: $? = 0
configure:24182: result: yes
configure:24217: checking for readline/history.h
configure:24224: result: yes
configure:24273: checking termcap.h usability
configure:24285: gcc -c  -march=i686 -mtune=pentium4 -O2 -pipe -fstack-protector -fstack-protector-all -D_REENTRANT -D_FILE_OFFSET_BITS=64 -DLOCALEDIR="\"${prefix}/share/locale\"" -DLOCALEDIR="\"${prefix}/share/locale\""  conftest.c >&5
configure:24291: $? = 0
configure:24294: test -z 			 || test ! -s conftest.err
configure:24297: $? = 0
configure:24300: test -s conftest.o
configure:24303: $? = 0
configure:24313: result: yes
configure:24317: checking termcap.h presence
configure:24327: gcc -E  conftest.c
configure:24333: $? = 0
configure:24353: result: yes
configure:24388: checking for termcap.h
configure:24395: result: yes
configure:24424: checking wctype.h usability
configure:24436: gcc -c  -march=i686 -mtune=pentium4 -O2 -pipe -fstack-protector -fstack-protector-all -D_REENTRANT -D_FILE_OFFSET_BITS=64 -DLOCALEDIR="\"${prefix}/share/locale\"" -DLOCALEDIR="\"${prefix}/share/locale\""  conftest.c >&5
configure:24442: $? = 0
configure:24445: test -z 			 || test ! -s conftest.err
configure:24448: $? = 0
configure:24451: test -s conftest.o
configure:24454: $? = 0
configure:24464: result: yes
configure:24468: checking wctype.h presence
configure:24478: gcc -E  conftest.c
configure:24484: $? = 0
configure:24504: result: yes
configure:24539: checking for wctype.h
configure:24546: result: yes
configure:24577: checking whether byte ordering is bigendian
configure:24604: gcc -c  -march=i686 -mtune=pentium4 -O2 -pipe -fstack-protector -fstack-protector-all -D_REENTRANT -D_FILE_OFFSET_BITS=64 -DLOCALEDIR="\"${prefix}/share/locale\"" -DLOCALEDIR="\"${prefix}/share/locale\""  conftest.c >&5
configure:24610: $? = 0
configure:24613: test -z 			 || test ! -s conftest.err
configure:24616: $? = 0
configure:24619: test -s conftest.o
configure:24622: $? = 0
configure:24646: gcc -c  -march=i686 -mtune=pentium4 -O2 -pipe -fstack-protector -fstack-protector-all -D_REENTRANT -D_FILE_OFFSET_BITS=64 -DLOCALEDIR="\"${prefix}/share/locale\"" -DLOCALEDIR="\"${prefix}/share/locale\""  conftest.c >&5
conftest.c: In function `main':
conftest.c:47: error: `not' undeclared (first use in this function)
conftest.c:47: error: (Each undeclared identifier is reported only once
conftest.c:47: error: for each function it appears in.)
conftest.c:47: error: parse error before "big"
configure:24652: $? = 1
configure: failed program was:
| /* confdefs.h.  */
| 
| #define PACKAGE_NAME ""
| #define PACKAGE_TARNAME ""
| #define PACKAGE_VERSION ""
| #define PACKAGE_STRING ""
| #define PACKAGE_BUGREPORT ""
| #define PACKAGE "parted"
| #define VERSION "1.6.23"
| #define ENABLE_FS 1
| #define DEBUG 1
| #define ENABLE_PC98 1
| #define _FILE_OFFSET_BITS 64
| #define SIZEOF_OFF_T 8
| #define STDC_HEADERS 1
| #define HAVE_SYS_TYPES_H 1
| #define HAVE_SYS_STAT_H 1
| #define HAVE_STDLIB_H 1
| #define HAVE_STRING_H 1
| #define HAVE_MEMORY_H 1
| #define HAVE_STRINGS_H 1
| #define HAVE_INTTYPES_H 1
| #define HAVE_STDINT_H 1
| #define HAVE_UNISTD_H 1
| #define HAVE_DLFCN_H 1
| #ifdef __cplusplus
| extern "C" void std::exit (int) throw (); using std::exit;
| #endif
| #define ENABLE_NLS 1
| #define HAVE_GETTEXT 1
| #define HAVE_DCGETTEXT 1
| #define DYNAMIC_LOADING 1
| #define HAVE_LIBREADLINE 1
| #define HAVE_GETOPT_H 1
| #define HAVE_READLINE_READLINE_H 1
| #define HAVE_READLINE_HISTORY_H 1
| #define HAVE_TERMCAP_H 1
| #define HAVE_WCTYPE_H 1
| /* end confdefs.h.  */
| #include <sys/types.h>
| #include <sys/param.h>
| 
| int
| main ()
| {
| #if BYTE_ORDER != BIG_ENDIAN
|  not big endian
| #endif
| 
|   ;
|   return 0;
| }
configure:24785: result: no
configure:24812: checking for rl_completion_matches
configure:24869: gcc -o conftest  -march=i686 -mtune=pentium4 -O2 -pipe -fstack-protector -fstack-protector-all -D_REENTRANT -D_FILE_OFFSET_BITS=64 -DLOCALEDIR="\"${prefix}/share/locale\"" -DLOCALEDIR="\"${prefix}/share/locale\""   conftest.c  -lreadline  -ldl -lncurses  -lreadline >&5
configure:24875: $? = 0
configure:24878: test -z 			 || test ! -s conftest.err
configure:24881: $? = 0
configure:24884: test -s conftest
configure:24887: $? = 0
configure:24899: result: yes
configure:24918: checking for canonicalize_file_name
configure:24975: gcc -o conftest -D_GNU_SOURCE=1   conftest.c  >&5
configure:24981: $? = 0
configure:24984: test -z 			 || test ! -s conftest.err
configure:24987: $? = 0
configure:24990: test -s conftest
configure:24993: $? = 0
configure:25005: result: yes
configure:25146: creating ./config.status

## ---------------------- ##
## Running config.status. ##
## ---------------------- ##

This file was extended by config.status, which was
generated by GNU Autoconf 2.59.  Invocation command line was

  CONFIG_FILES    = 
  CONFIG_HEADERS  = 
  CONFIG_LINKS    = 
  CONFIG_COMMANDS = 
  $ ./config.status 

on bendis

config.status:805: creating Makefile
config.status:805: creating include/Makefile
config.status:805: creating include/parted/Makefile
config.status:805: creating libparted/Makefile
config.status:805: creating libparted/fs_amiga/Makefile
config.status:805: creating libparted/fs_ext2/Makefile
config.status:805: creating libparted/fs_fat/Makefile
config.status:805: creating libparted/fs_hfs/Makefile
config.status:805: creating libparted/fs_jfs/Makefile
config.status:805: creating libparted/fs_linux_swap/Makefile
config.status:805: creating libparted/fs_ntfs/Makefile
config.status:805: creating libparted/fs_reiserfs/Makefile
config.status:805: creating libparted/fs_ufs/Makefile
config.status:805: creating libparted/fs_xfs/Makefile
config.status:805: creating m4/Makefile
config.status:805: creating parted/Makefile
config.status:805: creating partprobe/Makefile
config.status:805: creating doc/Makefile
config.status:805: creating debug/Makefile
config.status:805: creating debug/clearfat/Makefile
config.status:805: creating debug/test/Makefile
config.status:805: creating po/Makefile.in
config.status:805: creating parted.spec
config.status:871: creating config.h
config.status:1193: executing depfiles commands
config.status:1193: executing default-1 commands

## ---------------- ##
## Cache variables. ##
## ---------------- ##

ac_cv_build=i686-pc-linux-gnu
ac_cv_build_alias=i686-pc-linux-gnu
ac_cv_c_bigendian=no
ac_cv_c_compiler_gnu=yes
ac_cv_cxx_compiler_gnu=yes
ac_cv_env_CC_set=set
ac_cv_env_CC_value=gcc
ac_cv_env_CFLAGS_set=set
ac_cv_env_CFLAGS_value=' -march=i686 -mtune=pentium4 -O2 -pipe -fstack-protector -fstack-protector-all'
ac_cv_env_CPPFLAGS_set=set
ac_cv_env_CPPFLAGS_value=
ac_cv_env_CPP_set=
ac_cv_env_CPP_value=
ac_cv_env_CXXCPP_set=
ac_cv_env_CXXCPP_value=
ac_cv_env_CXXFLAGS_set=set
ac_cv_env_CXXFLAGS_value=' -march=i686 -mtune=pentium4 -O2 -pipe -fstack-protector -fstack-protector-all'
ac_cv_env_CXX_set=set
ac_cv_env_CXX_value=g++
ac_cv_env_F77_set=
ac_cv_env_F77_value=
ac_cv_env_FFLAGS_set=
ac_cv_env_FFLAGS_value=
ac_cv_env_LDFLAGS_set=set
ac_cv_env_LDFLAGS_value=
ac_cv_env_build_alias_set=
ac_cv_env_build_alias_value=
ac_cv_env_host_alias_set=
ac_cv_env_host_alias_value=
ac_cv_env_target_alias_set=
ac_cv_env_target_alias_value=
ac_cv_exeext=
ac_cv_f77_compiler_gnu=no
ac_cv_func_canonicalize_file_name=yes
ac_cv_func_rl_completion_matches=yes
ac_cv_header_dlfcn_h=yes
ac_cv_header_getopt_h=yes
ac_cv_header_inttypes_h=yes
ac_cv_header_linux_unistd_h=yes
ac_cv_header_memory_h=yes
ac_cv_header_readline_history_h=yes
ac_cv_header_readline_readline_h=yes
ac_cv_header_stdc=yes
ac_cv_header_stdint_h=yes
ac_cv_header_stdlib_h=yes
ac_cv_header_string_h=yes
ac_cv_header_strings_h=yes
ac_cv_header_sys_stat_h=yes
ac_cv_header_sys_types_h=yes
ac_cv_header_termcap_h=yes
ac_cv_header_unistd_h=yes
ac_cv_header_uuid_uuid_h=yes
ac_cv_header_wctype_h=yes
ac_cv_host=i686-pc-linux-gnu
ac_cv_host_alias=i686-pc-linux-gnu
ac_cv_lib_cposix_strerror=no
ac_cv_lib_dl_dlopen=yes
ac_cv_lib_readline_readline=yes
ac_cv_lib_uuid_uuid_generate=yes
ac_cv_objext=o
ac_cv_path_GMSGFMT=/usr/bin/msgfmt
ac_cv_path_MSGFMT=/usr/bin/msgfmt
ac_cv_path_MSGMERGE=/usr/bin/msgmerge
ac_cv_path_XGETTEXT=/usr/bin/xgettext
ac_cv_path_install='/usr/bin/install -c'
ac_cv_prog_AWK=gawk
ac_cv_prog_CPP='gcc -E'
ac_cv_prog_CXXCPP='g++ -E'
ac_cv_prog_ac_ct_AR=ar
ac_cv_prog_ac_ct_CC=gcc
ac_cv_prog_ac_ct_RANLIB=ranlib
ac_cv_prog_ac_ct_STRIP=strip
ac_cv_prog_cc_g=yes
ac_cv_prog_cc_stdc=
ac_cv_prog_cxx_g=yes
ac_cv_prog_egrep='grep -E'
ac_cv_prog_f77_g=no
ac_cv_prog_gcc_traditional=no
ac_cv_prog_make_make_set=yes
ac_cv_search_tgetent=-lncurses
ac_cv_sizeof_off_t=8
ac_cv_sys_file_offset_bits=64
ac_cv_sys_large_files=no
ac_cv_sys_largefile_CC=no
ac_cv_type_off_t=yes
acl_cv_hardcode_direct=no
acl_cv_hardcode_libdir_flag_spec='${wl}-rpath ${wl}$libdir'
acl_cv_hardcode_libdir_separator=
acl_cv_hardcode_minus_L=no
acl_cv_libext=a
acl_cv_path_LD=/usr/bin/ld
acl_cv_prog_gnu_ld=yes
acl_cv_rpath=done
acl_cv_shlibext=so
acl_cv_wl=-Wl,
am_cv_CC_dependencies_compiler_type=gcc3
am_cv_CXX_dependencies_compiler_type=gcc3
gt_cv_func_gnugettext1_libc=yes
lt_cv_deplibs_check_method=pass_all
lt_cv_file_magic_cmd='$MAGIC_CMD'
lt_cv_file_magic_test_file=
lt_cv_ld_reload_flag=-r
lt_cv_objdir=.libs
lt_cv_path_LD=/usr/bin/ld
lt_cv_path_LDCXX=/usr/bin/ld
lt_cv_path_NM='/usr/bin/nm -B'
lt_cv_path_SED=/bin/sed
lt_cv_prog_compiler_c_o=yes
lt_cv_prog_compiler_c_o_CXX=yes
lt_cv_prog_compiler_rtti_exceptions=no
lt_cv_prog_gnu_ld=yes
lt_cv_prog_gnu_ldcxx=yes
lt_cv_sys_global_symbol_pipe='sed -n -e '\''s/^.*[ 	]\([ABCDGIRSTW][ABCDGIRSTW]*\)[ 	][ 	]*\(\)\([_A-Za-z][_A-Za-z0-9]*\)$/\1 \2\3 \3/p'\'''
lt_cv_sys_global_symbol_to_c_name_address='sed -n -e '\''s/^: \([^ ]*\) $/  {\"\1\", (lt_ptr) 0},/p'\'' -e '\''s/^[BCDEGRST] \([^ ]*\) \([^ ]*\)$/  {"\2", (lt_ptr) \&\2},/p'\'''
lt_cv_sys_global_symbol_to_cdecl='sed -n -e '\''s/^. .* \(.*\)$/extern int \1;/p'\'''
lt_cv_sys_max_cmd_len=32768
lt_lt_cv_prog_compiler_c_o='"yes"'
lt_lt_cv_prog_compiler_c_o_CXX='"yes"'
lt_lt_cv_sys_global_symbol_pipe='"sed -n -e '\''s/^.*[ 	]\\([ABCDGIRSTW][ABCDGIRSTW]*\\)[ 	][ 	]*\\(\\)\\([_A-Za-z][_A-Za-z0-9]*\\)\$/\\1 \\2\\3 \\3/p'\''"'
lt_lt_cv_sys_global_symbol_to_c_name_address='"sed -n -e '\''s/^: \\([^ ]*\\) \$/  {\\\"\\1\\\", (lt_ptr) 0},/p'\'' -e '\''s/^[BCDEGRST] \\([^ ]*\\) \\([^ ]*\\)\$/  {\"\\2\", (lt_ptr) \\&\\2},/p'\''"'
lt_lt_cv_sys_global_symbol_to_cdecl='"sed -n -e '\''s/^. .* \\(.*\\)\$/extern int \\1;/p'\''"'

## ----------------- ##
## Output variables. ##
## ----------------- ##

ACLOCAL='${SHELL} /usr/src/packages/devel/system/parted/SRC/parted-1.6.23/missing --run aclocal-1.7'
AMDEPBACKSLASH='\'
AMDEP_FALSE='#'
AMDEP_TRUE=''
AMTAR='${SHELL} /usr/src/packages/devel/system/parted/SRC/parted-1.6.23/missing --run tar'
AR='ar'
AUTOCONF='${SHELL} /usr/src/packages/devel/system/parted/SRC/parted-1.6.23/missing --run autoconf'
AUTOHEADER='${SHELL} /usr/src/packages/devel/system/parted/SRC/parted-1.6.23/missing --run autoheader'
AUTOMAKE='${SHELL} /usr/src/packages/devel/system/parted/SRC/parted-1.6.23/missing --run automake-1.7'
AWK='gawk'
CC='gcc'
CCDEPMODE='depmode=gcc3'
CFLAGS=' -march=i686 -mtune=pentium4 -O2 -pipe -fstack-protector -fstack-protector-all -D_REENTRANT -D_FILE_OFFSET_BITS=64 -DLOCALEDIR="\"${prefix}/share/locale\"" -DLOCALEDIR="\"${prefix}/share/locale\"" -W -Wall -Wno-unused -Wno-switch -Wno-format -Werror'
CPP='gcc -E'
CPPFLAGS=''
CXX='g++'
CXXCPP='g++ -E'
CXXDEPMODE='depmode=gcc3'
CXXFLAGS=' -march=i686 -mtune=pentium4 -O2 -pipe -fstack-protector -fstack-protector-all'
CYGPATH_W='echo'
DEFS='-DHAVE_CONFIG_H'
DEPDIR='.deps'
ECHO='echo'
ECHO_C=''
ECHO_N='-n'
ECHO_T=''
EGREP='grep -E'
EXEEXT=''
F77=''
FFLAGS=''
GMSGFMT='/usr/bin/msgfmt'
INSTALL_DATA='${INSTALL} -m 644'
INSTALL_PROGRAM='${INSTALL}'
INSTALL_SCRIPT='${INSTALL}'
INSTALL_STRIP_PROGRAM='${SHELL} $(install_sh) -c -s'
INTLINCS=''
INTLLIBS=''
LDFLAGS=''
LIBICONV='-liconv'
LIBINTL=''
LIBOBJS=''
LIBS=''
LIBTOOL='$(SHELL) $(top_builddir)/libtool'
LN_S='ln -s'
LTLIBICONV='-liconv'
LTLIBINTL=''
LTLIBOBJS=''
LT_AGE='11'
LT_CURRENT='23'
LT_RELEASE='1.6'
LT_REVISION='0'
MAKEINFO='${SHELL} /usr/src/packages/devel/system/parted/SRC/parted-1.6.23/missing --run makeinfo'
MKINSTALLDIRS='$(top_builddir)/./mkinstalldirs'
MSGFMT='/usr/bin/msgfmt'
MSGMERGE='/usr/bin/msgmerge'
OBJEXT='o'
OS='linux'
OS_LIBS=''
PACKAGE='parted'
PACKAGE_BUGREPORT=''
PACKAGE_NAME=''
PACKAGE_STRING=''
PACKAGE_TARNAME=''
PACKAGE_VERSION=''
PARTEDLDFLAGS=''
PARTED_END_STATIC=''
PARTED_LIBS='-lreadline  -ldl -lncurses '
PARTED_START_STATIC=''
PATH_SEPARATOR=':'
POSUB='po'
RANLIB='ranlib'
REISER_LIBS=''
SET_MAKE=''
SHELL='/bin/sh'
STRIP='strip'
USE_NLS='yes'
UUID_LIBS='-luuid'
VERSION='1.6.23'
XGETTEXT='/usr/bin/xgettext'
ac_ct_AR='ar'
ac_ct_CC='gcc'
ac_ct_CXX=''
ac_ct_F77=''
ac_ct_RANLIB='ranlib'
ac_ct_STRIP='strip'
am__fastdepCC_FALSE='#'
am__fastdepCC_TRUE=''
am__fastdepCXX_FALSE='#'
am__fastdepCXX_TRUE=''
am__include='include'
am__leading_dot='.'
am__quote=''
bindir='${exec_prefix}/bin'
build='i686-pc-linux-gnu'
build_alias=''
build_cpu='i686'
build_os='linux-gnu'
build_vendor='pc'
datadir='${prefix}/share'
exec_prefix='${prefix}'
host='i686-pc-linux-gnu'
host_alias=''
host_cpu='i686'
host_os='linux-gnu'
host_vendor='pc'
includedir='${prefix}/include'
infodir='${prefix}/info'
install_sh='/usr/src/packages/devel/system/parted/SRC/parted-1.6.23/install-sh'
libdir='${exec_prefix}/lib'
libexecdir='${exec_prefix}/libexec'
localstatedir='${prefix}/var'
mandir='${prefix}/man'
oldincludedir='/usr/include'
prefix='/usr'
program_transform_name='s,x,x,'
sbindir='/sbin'
sharedstatedir='${prefix}/com'
sysconfdir='${prefix}/etc'
target_alias=''

## ----------- ##
## confdefs.h. ##
## ----------- ##

#define DEBUG 1
#define DYNAMIC_LOADING 1
#define ENABLE_FS 1
#define ENABLE_NLS 1
#define ENABLE_PC98 1
#define HAVE_CANONICALIZE_FILE_NAME 1
#define HAVE_DCGETTEXT 1
#define HAVE_DLFCN_H 1
#define HAVE_GETOPT_H 1
#define HAVE_GETTEXT 1
#define HAVE_INTTYPES_H 1
#define HAVE_LIBREADLINE 1
#define HAVE_MEMORY_H 1
#define HAVE_READLINE_HISTORY_H 1
#define HAVE_READLINE_READLINE_H 1
#define HAVE_RL_COMPLETION_MATCHES 1
#define HAVE_STDINT_H 1
#define HAVE_STDLIB_H 1
#define HAVE_STRINGS_H 1
#define HAVE_STRING_H 1
#define HAVE_SYS_STAT_H 1
#define HAVE_SYS_TYPES_H 1
#define HAVE_TERMCAP_H 1
#define HAVE_UNISTD_H 1
#define HAVE_WCTYPE_H 1
#define PACKAGE "parted"
#define PACKAGE_BUGREPORT ""
#define PACKAGE_NAME ""
#define PACKAGE_STRING ""
#define PACKAGE_TARNAME ""
#define PACKAGE_VERSION ""
#define SIZEOF_OFF_T 8
#define STDC_HEADERS 1
#define VERSION "1.6.23"
#define _FILE_OFFSET_BITS 64
#endif
#ifdef __cplusplus
extern "C" void std::exit (int) throw (); using std::exit;

configure: exit 0
